# JRE version: OpenJDK Runtime Environment (21.0.9) (build 21.0.9+-14649483-b1163.86)
# Java VM: OpenJDK 64-Bit Server VM (21.0.9+-14649483-b1163.86, mixed mode, tiered, compressed oops, compressed class ptrs, g1 gc, windows-amd64)
GC Precious Log:
 CardTable entry size: 512
 Card Set container configuration: InlinePtr #cards 5 size 8 Array Of Cards #cards 12 size 40 Howl #buckets 4 coarsen threshold 1843 Howl Bitmap #cards 512 size 80 coarsen threshold 460 Card regions per heap region 1 cards per card region 2048
 CPUs: 4 total, 4 available
 Memory: 7932M
 Large Page Support: Disabled
 NUMA Support: Disabled
 Compressed Oops: Enabled (32-bit)
 Heap Region Size: 1M
 Heap Min Capacity: 256M
 Heap Initial Capacity: 256M
 Heap Max Capacity: 512M
 Pre-touch: Disabled
 Parallel Workers: 4
 Concurrent Workers: 1
 Concurrent Refinement Workers: 4
 Periodic GC: Disabled
Heap:
 garbage-first heap   total 485376K, used 206336K [0x00000000e0000000, 0x0000000100000000)
  region size 1024K, 28 young (28672K), 2 survivors (2048K)
 Metaspace       used 181683K, committed 183360K, reserved 524288K
  class space    used 23758K, committed 24576K, reserved 327680K
GC Heap History (20 events):
Event: 401.916 GC heap before
{Heap before GC invocations=146 (full 0):
 garbage-first heap   total 461824K, used 364544K [0x00000000e0000000, 0x0000000100000000)
  region size 1024K, 110 young (112640K), 21 survivors (21504K)
 Metaspace       used 164152K, committed 168000K, reserved 524288K
  class space    used 21795K, committed 23488K, reserved 327680K
}
Event: 401.997 GC heap after
{Heap after GC invocations=147 (full 0):
 garbage-first heap   total 461824K, used 286080K [0x00000000e0000000, 0x0000000100000000)
  region size 1024K, 16 young (16384K), 16 survivors (16384K)
 Metaspace       used 164152K, committed 168000K, reserved 524288K
  class space    used 21795K, committed 23488K, reserved 327680K
}
Event: 405.744 GC heap before
{Heap before GC invocations=148 (full 0):
 garbage-first heap   total 464896K, used 411008K [0x00000000e0000000, 0x0000000100000000)
  region size 1024K, 123 young (125952K), 16 survivors (16384K)
 Metaspace       used 163900K, committed 168000K, reserved 524288K
  class space    used 21716K, committed 23488K, reserved 327680K
}
Event: 405.782 GC heap after
{Heap after GC invocations=149 (full 0):
 garbage-first heap   total 464896K, used 310784K [0x00000000e0000000, 0x0000000100000000)
  region size 1024K, 12 young (12288K), 12 survivors (12288K)
 Metaspace       used 163900K, committed 168000K, reserved 524288K
  class space    used 21716K, committed 23488K, reserved 327680K
}
Event: 408.281 GC heap before
{Heap before GC invocations=149 (full 0):
 garbage-first heap   total 485376K, used 442880K [0x00000000e0000000, 0x0000000100000000)
  region size 1024K, 110 young (112640K), 12 survivors (12288K)
 Metaspace       used 163903K, committed 168000K, reserved 524288K
  class space    used 21716K, committed 23488K, reserved 327680K
}
Event: 408.319 GC heap after
{Heap after GC invocations=150 (full 0):
 garbage-first heap   total 485376K, used 277380K [0x00000000e0000000, 0x0000000100000000)
  region size 1024K, 10 young (10240K), 10 survivors (10240K)
 Metaspace       used 163903K, committed 168000K, reserved 524288K
  class space    used 21716K, committed 23488K, reserved 327680K
}
Event: 418.803 GC heap before
{Heap before GC invocations=150 (full 0):
 garbage-first heap   total 485376K, used 369540K [0x00000000e0000000, 0x0000000100000000)
  region size 1024K, 102 young (104448K), 10 survivors (10240K)
 Metaspace       used 164732K, committed 168128K, reserved 524288K
  class space    used 21786K, committed 23488K, reserved 327680K
}
Event: 418.816 GC heap after
{Heap after GC invocations=151 (full 0):
 garbage-first heap   total 485376K, used 279982K [0x00000000e0000000, 0x0000000100000000)
  region size 1024K, 12 young (12288K), 12 survivors (12288K)
 Metaspace       used 164732K, committed 168128K, reserved 524288K
  class space    used 21786K, committed 23488K, reserved 327680K
}
Event: 428.035 GC heap before
{Heap before GC invocations=152 (full 0):
 garbage-first heap   total 485376K, used 389550K [0x00000000e0000000, 0x0000000100000000)
  region size 1024K, 155 young (158720K), 12 survivors (12288K)
 Metaspace       used 168360K, committed 170304K, reserved 524288K
  class space    used 22095K, committed 23488K, reserved 327680K
}
Event: 428.041 GC heap after
{Heap after GC invocations=153 (full 0):
 garbage-first heap   total 485376K, used 233974K [0x00000000e0000000, 0x0000000100000000)
  region size 1024K, 3 young (3072K), 3 survivors (3072K)
 Metaspace       used 168360K, committed 170304K, reserved 524288K
  class space    used 22095K, committed 23488K, reserved 327680K
}
Event: 435.053 GC heap before
{Heap before GC invocations=153 (full 0):
 garbage-first heap   total 485376K, used 424438K [0x00000000e0000000, 0x0000000100000000)
  region size 1024K, 190 young (194560K), 3 survivors (3072K)
 Metaspace       used 169119K, committed 171008K, reserved 524288K
  class space    used 22142K, committed 23488K, reserved 327680K
}
Event: 435.077 GC heap after
{Heap after GC invocations=154 (full 0):
 garbage-first heap   total 485376K, used 192233K [0x00000000e0000000, 0x0000000100000000)
  region size 1024K, 4 young (4096K), 4 survivors (4096K)
 Metaspace       used 169119K, committed 171008K, reserved 524288K
  class space    used 22142K, committed 23488K, reserved 327680K
}
Event: 439.261 GC heap before
{Heap before GC invocations=154 (full 0):
 garbage-first heap   total 485376K, used 433897K [0x00000000e0000000, 0x0000000100000000)
  region size 1024K, 237 young (242688K), 4 survivors (4096K)
 Metaspace       used 169179K, committed 171072K, reserved 524288K
  class space    used 22144K, committed 23488K, reserved 327680K
}
Event: 439.303 GC heap after
{Heap after GC invocations=155 (full 0):
 garbage-first heap   total 485376K, used 171478K [0x00000000e0000000, 0x0000000100000000)
  region size 1024K, 6 young (6144K), 6 survivors (6144K)
 Metaspace       used 169179K, committed 171072K, reserved 524288K
  class space    used 22144K, committed 23488K, reserved 327680K
}
Event: 441.126 GC heap before
{Heap before GC invocations=155 (full 0):
 garbage-first heap   total 485376K, used 446934K [0x00000000e0000000, 0x0000000100000000)
  region size 1024K, 275 young (281600K), 6 survivors (6144K)
 Metaspace       used 169328K, committed 171200K, reserved 524288K
  class space    used 22167K, committed 23488K, reserved 327680K
}
Event: 441.135 GC heap after
{Heap after GC invocations=156 (full 0):
 garbage-first heap   total 485376K, used 167093K [0x00000000e0000000, 0x0000000100000000)
  region size 1024K, 4 young (4096K), 4 survivors (4096K)
 Metaspace       used 169328K, committed 171200K, reserved 524288K
  class space    used 22167K, committed 23488K, reserved 327680K
}
Event: 1357.706 GC heap before
{Heap before GC invocations=156 (full 0):
 garbage-first heap   total 485376K, used 452789K [0x00000000e0000000, 0x0000000100000000)
  region size 1024K, 284 young (290816K), 4 survivors (4096K)
 Metaspace       used 181736K, committed 183360K, reserved 524288K
  class space    used 23791K, committed 24576K, reserved 327680K
}
Event: 1358.793 GC heap after
{Heap after GC invocations=157 (full 0):
 garbage-first heap   total 485376K, used 184790K [0x00000000e0000000, 0x0000000100000000)
  region size 1024K, 21 young (21504K), 21 survivors (21504K)
 Metaspace       used 181736K, committed 183360K, reserved 524288K
  class space    used 23791K, committed 24576K, reserved 327680K
}
Event: 1359.015 GC heap before
{Heap before GC invocations=157 (full 0):
 garbage-first heap   total 485376K, used 186838K [0x00000000e0000000, 0x0000000100000000)
  region size 1024K, 23 young (23552K), 21 survivors (21504K)
 Metaspace       used 181740K, committed 183360K, reserved 524288K
  class space    used 23792K, committed 24576K, reserved 327680K
}
Event: 1359.151 GC heap after
{Heap after GC invocations=158 (full 0):
 garbage-first heap   total 485376K, used 186880K [0x00000000e0000000, 0x0000000100000000)
  region size 1024K, 2 young (2048K), 2 survivors (2048K)
 Metaspace       used 181740K, committed 183360K, reserved 524288K
  class space    used 23792K, committed 24576K, reserved 327680K
}

